INFO [2020-04-26 18:29:44] [[1]]
INFO [2020-04-26 18:29:44] TSGOG_sets
INFO [2020-04-26 18:29:44] 
INFO [2020-04-26 18:29:44] $fill
INFO [2020-04-26 18:29:44] c("#984EA3", "#E41A1C", "#377EB8", "#4DAF4A")
INFO [2020-04-26 18:29:44] 
INFO [2020-04-26 18:29:44] $alpha
INFO [2020-04-26 18:29:44] c(0.7, 0.7, 0.7, 0.7)
INFO [2020-04-26 18:29:44] 
INFO [2020-04-26 18:29:44] $cex
INFO [2020-04-26 18:29:44] [1] 1
INFO [2020-04-26 18:29:44] 
INFO [2020-04-26 18:29:44] $cat.fontface
INFO [2020-04-26 18:29:44] [1] 4
INFO [2020-04-26 18:29:44] 
INFO [2020-04-26 18:29:44] $filename
INFO [2020-04-26 18:29:44] NULL
INFO [2020-04-26 18:29:44] 
INFO [2020-04-26 18:29:44] [[1]]
INFO [2020-04-26 18:29:44] TSG_sets
INFO [2020-04-26 18:29:44] 
INFO [2020-04-26 18:29:44] $fill
INFO [2020-04-26 18:29:44] c("#984EA3", "#377EB8", "orange", "brown")
INFO [2020-04-26 18:29:44] 
INFO [2020-04-26 18:29:44] $alpha
INFO [2020-04-26 18:29:44] c(0.7, 0.7, 0.7, 0.7)
INFO [2020-04-26 18:29:44] 
INFO [2020-04-26 18:29:44] $cex
INFO [2020-04-26 18:29:44] [1] 1
INFO [2020-04-26 18:29:44] 
INFO [2020-04-26 18:29:44] $cat.fontface
INFO [2020-04-26 18:29:44] [1] 4
INFO [2020-04-26 18:29:44] 
INFO [2020-04-26 18:29:44] $filename
INFO [2020-04-26 18:29:44] NULL
INFO [2020-04-26 18:29:44] 
INFO [2020-04-26 18:29:44] [[1]]
INFO [2020-04-26 18:29:44] OG_sets
INFO [2020-04-26 18:29:44] 
INFO [2020-04-26 18:29:44] $fill
INFO [2020-04-26 18:29:44] c("#4DAF4A", "#E41A1C", "orange", "brown")
INFO [2020-04-26 18:29:44] 
INFO [2020-04-26 18:29:44] $alpha
INFO [2020-04-26 18:29:44] c(0.7, 0.7, 0.7, 0.7)
INFO [2020-04-26 18:29:44] 
INFO [2020-04-26 18:29:44] $cex
INFO [2020-04-26 18:29:44] [1] 1
INFO [2020-04-26 18:29:44] 
INFO [2020-04-26 18:29:44] $cat.fontface
INFO [2020-04-26 18:29:44] [1] 4
INFO [2020-04-26 18:29:44] 
INFO [2020-04-26 18:29:44] $filename
INFO [2020-04-26 18:29:44] NULL
INFO [2020-04-26 18:29:44] 
