INFO [2020-04-26 17:13:26] [[1]]
INFO [2020-04-26 17:13:26] TSGOG_sets
INFO [2020-04-26 17:13:26] 
INFO [2020-04-26 17:13:26] $fill
INFO [2020-04-26 17:13:26] c("#984EA3", "#E41A1C", "#377EB8", "#4DAF4A")
INFO [2020-04-26 17:13:26] 
INFO [2020-04-26 17:13:26] $alpha
INFO [2020-04-26 17:13:26] c(0.7, 0.7, 0.7, 0.7)
INFO [2020-04-26 17:13:26] 
INFO [2020-04-26 17:13:26] $cex
INFO [2020-04-26 17:13:26] [1] 1
INFO [2020-04-26 17:13:26] 
INFO [2020-04-26 17:13:26] $cat.fontface
INFO [2020-04-26 17:13:26] [1] 4
INFO [2020-04-26 17:13:26] 
INFO [2020-04-26 17:13:26] $filename
INFO [2020-04-26 17:13:26] NULL
INFO [2020-04-26 17:13:26] 
INFO [2020-04-26 17:13:26] [[1]]
INFO [2020-04-26 17:13:26] TSG_sets
INFO [2020-04-26 17:13:26] 
INFO [2020-04-26 17:13:26] $fill
INFO [2020-04-26 17:13:26] c("#984EA3", "#377EB8", "orange", "brown")
INFO [2020-04-26 17:13:26] 
INFO [2020-04-26 17:13:26] $alpha
INFO [2020-04-26 17:13:26] c(0.7, 0.7, 0.7, 0.7)
INFO [2020-04-26 17:13:26] 
INFO [2020-04-26 17:13:26] $cex
INFO [2020-04-26 17:13:26] [1] 1
INFO [2020-04-26 17:13:26] 
INFO [2020-04-26 17:13:26] $cat.fontface
INFO [2020-04-26 17:13:26] [1] 4
INFO [2020-04-26 17:13:26] 
INFO [2020-04-26 17:13:26] $filename
INFO [2020-04-26 17:13:26] NULL
INFO [2020-04-26 17:13:26] 
INFO [2020-04-26 17:13:26] [[1]]
INFO [2020-04-26 17:13:26] OG_sets
INFO [2020-04-26 17:13:26] 
INFO [2020-04-26 17:13:26] $fill
INFO [2020-04-26 17:13:26] c("#4DAF4A", "#E41A1C", "orange", "brown")
INFO [2020-04-26 17:13:26] 
INFO [2020-04-26 17:13:26] $alpha
INFO [2020-04-26 17:13:26] c(0.7, 0.7, 0.7, 0.7)
INFO [2020-04-26 17:13:26] 
INFO [2020-04-26 17:13:26] $cex
INFO [2020-04-26 17:13:26] [1] 1
INFO [2020-04-26 17:13:26] 
INFO [2020-04-26 17:13:26] $cat.fontface
INFO [2020-04-26 17:13:26] [1] 4
INFO [2020-04-26 17:13:26] 
INFO [2020-04-26 17:13:26] $filename
INFO [2020-04-26 17:13:26] NULL
INFO [2020-04-26 17:13:26] 
